19:10:47.441 [main] INFO  testCases.TC004_VerifyFileUpload - ***** Starting verify_FileUpload *****
19:10:52.130 [main] INFO  testCases.TC004_VerifyFileUpload - ***** Ending verify_FileUpload *****
19:10:59.820 [main] INFO  testCases.TC005_VerifyDropdownListFunctionality - ***** Starting verify_DropdownList *****
19:11:00.941 [main] INFO  testCases.TC005_VerifyDropdownListFunctionality - ***** Ending verify_DropdownList *****
19:11:17.284 [main] INFO  testCases.TC006_VerifyAddRemoveElements - ***** Starting verify_AddRemoveElements *****
19:11:38.646 [main] INFO  testCases.TC006_VerifyAddRemoveElements - ***** Ending verify_AddRemoveElements *****
19:11:50.973 [main] INFO  testCases.TC007_VerifyFloatingMenuFunctionality - ***** Starting verify_FloatingMenuFunctionality *****
19:11:51.971 [main] INFO  testCases.TC007_VerifyFloatingMenuFunctionality - ***** Ending verify_FloatingMenuFunctionality *****
19:12:05.333 [main] INFO  testCases.TC008_VerifyHoversActions - ***** Starting verify_HoversActions *****
19:12:06.806 [main] INFO  testCases.TC008_VerifyHoversActions - ***** Ending verify_HoversActions *****
19:12:13.184 [main] INFO  testCases.TC009_VerifyDragAndDrop - ***** Starting verify_DragAndDrop *****
19:12:14.060 [main] INFO  testCases.TC009_VerifyDragAndDrop - ***** Ending verify_DragAndDrop *****
19:12:33.319 [main] INFO  testCases.TC010_VerifyJavaScriptAlerts - ***** Starting verify_JsAlert *****
19:12:33.901 [main] INFO  testCases.TC010_VerifyJavaScriptAlerts - ***** Ending verify_JsAlert *****
19:12:33.903 [main] INFO  testCases.TC010_VerifyJavaScriptAlerts - ***** Starting verify_JsConfirmAccept *****
19:12:34.003 [main] INFO  testCases.TC010_VerifyJavaScriptAlerts - ***** Ending verify_JsConfirmAccept *****
19:12:34.006 [main] INFO  testCases.TC010_VerifyJavaScriptAlerts - ***** Starting verify_JsConfirmDismiss *****
19:12:34.124 [main] INFO  testCases.TC010_VerifyJavaScriptAlerts - ***** Ending verify_JsConfirmDismiss *****
19:12:34.127 [main] INFO  testCases.TC010_VerifyJavaScriptAlerts - ***** Starting verify_JsPrompt *****
19:12:34.233 [main] INFO  testCases.TC010_VerifyJavaScriptAlerts - ***** Ending verify_JsPrompt *****
19:12:55.583 [main] INFO  testCases.TC011_VerifyKeyPresses - ***** Starting verify_KeyPresses *****
19:12:56.638 [main] INFO  testCases.TC011_VerifyKeyPresses - ***** Ending verify_KeyPresses *****
